CRITICAL - 2024-12-12 16:48:05 --> ErrorException: Undefined variable $data
[Method: GET, Route: ahmed]
in APPPATH\Views\profil\calon.php on line 8.
 1 APPPATH\Views\profil\calon.php(8): CodeIgniter\Debug\Exceptions->errorHandler(2, 'Undefined variable $data', 'C:\\xampp\\htdocs\\pemilwa-fisip-ub\\app\\Views\\profil\\calon.php', 8)
 2 SYSTEMPATH\View\View.php(234): include('C:\\xampp\\htdocs\\pemilwa-fisip-ub\\app\\Views\\profil\\calon.php')
 3 SYSTEMPATH\View\View.php(237): CodeIgniter\View\View->CodeIgniter\View\{closure}()
 4 SYSTEMPATH\Common.php(1171): CodeIgniter\View\View->render('profil/calon', [], true)
 5 APPPATH\Controllers\Profil.php(13): view('profil/calon', [...])
 6 SYSTEMPATH\CodeIgniter.php(933): App\Controllers\Profil->ahmed()
 7 SYSTEMPATH\CodeIgniter.php(509): CodeIgniter\CodeIgniter->runController(Object(App\Controllers\Profil))
 8 SYSTEMPATH\CodeIgniter.php(355): CodeIgniter\CodeIgniter->handleRequest(null, Object(Config\Cache), false)
 9 SYSTEMPATH\Boot.php(325): CodeIgniter\CodeIgniter->run()
10 SYSTEMPATH\Boot.php(67): CodeIgniter\Boot::runCodeIgniter(Object(CodeIgniter\CodeIgniter))
11 FCPATH\index.php(56): CodeIgniter\Boot::bootWeb(Object(Config\Paths))
12 SYSTEMPATH\rewrite.php(44): require_once('C:\\xampp\\htdocs\\pemilwa-fisip-ub\\public\\index.php')
CRITICAL - 2024-12-12 16:49:21 --> ErrorException: Undefined variable $data
[Method: GET, Route: ahmed]
in APPPATH\Views\profil\calon.php on line 2.
 1 APPPATH\Views\profil\calon.php(2): CodeIgniter\Debug\Exceptions->errorHandler(2, 'Undefined variable $data', 'C:\\xampp\\htdocs\\pemilwa-fisip-ub\\app\\Views\\profil\\calon.php', 2)
 2 SYSTEMPATH\View\View.php(234): include('C:\\xampp\\htdocs\\pemilwa-fisip-ub\\app\\Views\\profil\\calon.php')
 3 SYSTEMPATH\View\View.php(237): CodeIgniter\View\View->CodeIgniter\View\{closure}()
 4 SYSTEMPATH\Common.php(1171): CodeIgniter\View\View->render('profil/calon', [], true)
 5 APPPATH\Controllers\Profil.php(13): view('profil/calon', [...])
 6 SYSTEMPATH\CodeIgniter.php(933): App\Controllers\Profil->ahmed()
 7 SYSTEMPATH\CodeIgniter.php(509): CodeIgniter\CodeIgniter->runController(Object(App\Controllers\Profil))
 8 SYSTEMPATH\CodeIgniter.php(355): CodeIgniter\CodeIgniter->handleRequest(null, Object(Config\Cache), false)
 9 SYSTEMPATH\Boot.php(325): CodeIgniter\CodeIgniter->run()
10 SYSTEMPATH\Boot.php(67): CodeIgniter\Boot::runCodeIgniter(Object(CodeIgniter\CodeIgniter))
11 FCPATH\index.php(56): CodeIgniter\Boot::bootWeb(Object(Config\Paths))
12 SYSTEMPATH\rewrite.php(44): require_once('C:\\xampp\\htdocs\\pemilwa-fisip-ub\\public\\index.php')
CRITICAL - 2024-12-12 16:52:59 --> ErrorException: Undefined variable $data
[Method: GET, Route: ahmed]
in APPPATH\Views\profil\calon.php on line 2.
 1 APPPATH\Views\profil\calon.php(2): CodeIgniter\Debug\Exceptions->errorHandler(2, 'Undefined variable $data', 'C:\\xampp\\htdocs\\pemilwa-fisip-ub\\app\\Views\\profil\\calon.php', 2)
 2 SYSTEMPATH\View\View.php(234): include('C:\\xampp\\htdocs\\pemilwa-fisip-ub\\app\\Views\\profil\\calon.php')
 3 SYSTEMPATH\View\View.php(237): CodeIgniter\View\View->CodeIgniter\View\{closure}()
 4 SYSTEMPATH\Common.php(1171): CodeIgniter\View\View->render('profil/calon', [], true)
 5 APPPATH\Controllers\Profil.php(12): view('profil/calon', [...])
 6 SYSTEMPATH\CodeIgniter.php(933): App\Controllers\Profil->ahmed()
 7 SYSTEMPATH\CodeIgniter.php(509): CodeIgniter\CodeIgniter->runController(Object(App\Controllers\Profil))
 8 SYSTEMPATH\CodeIgniter.php(355): CodeIgniter\CodeIgniter->handleRequest(null, Object(Config\Cache), false)
 9 SYSTEMPATH\Boot.php(325): CodeIgniter\CodeIgniter->run()
10 SYSTEMPATH\Boot.php(67): CodeIgniter\Boot::runCodeIgniter(Object(CodeIgniter\CodeIgniter))
11 FCPATH\index.php(56): CodeIgniter\Boot::bootWeb(Object(Config\Paths))
12 SYSTEMPATH\rewrite.php(44): require_once('C:\\xampp\\htdocs\\pemilwa-fisip-ub\\public\\index.php')
CRITICAL - 2024-12-12 16:53:00 --> ErrorException: Undefined variable $data
[Method: GET, Route: ahmed]
in APPPATH\Views\profil\calon.php on line 2.
 1 APPPATH\Views\profil\calon.php(2): CodeIgniter\Debug\Exceptions->errorHandler(2, 'Undefined variable $data', 'C:\\xampp\\htdocs\\pemilwa-fisip-ub\\app\\Views\\profil\\calon.php', 2)
 2 SYSTEMPATH\View\View.php(234): include('C:\\xampp\\htdocs\\pemilwa-fisip-ub\\app\\Views\\profil\\calon.php')
 3 SYSTEMPATH\View\View.php(237): CodeIgniter\View\View->CodeIgniter\View\{closure}()
 4 SYSTEMPATH\Common.php(1171): CodeIgniter\View\View->render('profil/calon', [], true)
 5 APPPATH\Controllers\Profil.php(12): view('profil/calon', [...])
 6 SYSTEMPATH\CodeIgniter.php(933): App\Controllers\Profil->ahmed()
 7 SYSTEMPATH\CodeIgniter.php(509): CodeIgniter\CodeIgniter->runController(Object(App\Controllers\Profil))
 8 SYSTEMPATH\CodeIgniter.php(355): CodeIgniter\CodeIgniter->handleRequest(null, Object(Config\Cache), false)
 9 SYSTEMPATH\Boot.php(325): CodeIgniter\CodeIgniter->run()
10 SYSTEMPATH\Boot.php(67): CodeIgniter\Boot::runCodeIgniter(Object(CodeIgniter\CodeIgniter))
11 FCPATH\index.php(56): CodeIgniter\Boot::bootWeb(Object(Config\Paths))
12 SYSTEMPATH\rewrite.php(44): require_once('C:\\xampp\\htdocs\\pemilwa-fisip-ub\\public\\index.php')
CRITICAL - 2024-12-12 16:53:11 --> ErrorException: Undefined variable $data
[Method: GET, Route: ahmed]
in APPPATH\Views\profil\calon.php on line 2.
 1 APPPATH\Views\profil\calon.php(2): CodeIgniter\Debug\Exceptions->errorHandler(2, 'Undefined variable $data', 'C:\\xampp\\htdocs\\pemilwa-fisip-ub\\app\\Views\\profil\\calon.php', 2)
 2 SYSTEMPATH\View\View.php(234): include('C:\\xampp\\htdocs\\pemilwa-fisip-ub\\app\\Views\\profil\\calon.php')
 3 SYSTEMPATH\View\View.php(237): CodeIgniter\View\View->CodeIgniter\View\{closure}()
 4 SYSTEMPATH\Common.php(1171): CodeIgniter\View\View->render('profil/calon', [], true)
 5 APPPATH\Controllers\Profil.php(13): view('profil/calon', [...])
 6 SYSTEMPATH\CodeIgniter.php(933): App\Controllers\Profil->ahmed()
 7 SYSTEMPATH\CodeIgniter.php(509): CodeIgniter\CodeIgniter->runController(Object(App\Controllers\Profil))
 8 SYSTEMPATH\CodeIgniter.php(355): CodeIgniter\CodeIgniter->handleRequest(null, Object(Config\Cache), false)
 9 SYSTEMPATH\Boot.php(325): CodeIgniter\CodeIgniter->run()
10 SYSTEMPATH\Boot.php(67): CodeIgniter\Boot::runCodeIgniter(Object(CodeIgniter\CodeIgniter))
11 FCPATH\index.php(56): CodeIgniter\Boot::bootWeb(Object(Config\Paths))
12 SYSTEMPATH\rewrite.php(44): require_once('C:\\xampp\\htdocs\\pemilwa-fisip-ub\\public\\index.php')
CRITICAL - 2024-12-12 16:53:12 --> ErrorException: Undefined variable $data
[Method: GET, Route: ahmed]
in APPPATH\Views\profil\calon.php on line 2.
 1 APPPATH\Views\profil\calon.php(2): CodeIgniter\Debug\Exceptions->errorHandler(2, 'Undefined variable $data', 'C:\\xampp\\htdocs\\pemilwa-fisip-ub\\app\\Views\\profil\\calon.php', 2)
 2 SYSTEMPATH\View\View.php(234): include('C:\\xampp\\htdocs\\pemilwa-fisip-ub\\app\\Views\\profil\\calon.php')
 3 SYSTEMPATH\View\View.php(237): CodeIgniter\View\View->CodeIgniter\View\{closure}()
 4 SYSTEMPATH\Common.php(1171): CodeIgniter\View\View->render('profil/calon', [], true)
 5 APPPATH\Controllers\Profil.php(13): view('profil/calon', [...])
 6 SYSTEMPATH\CodeIgniter.php(933): App\Controllers\Profil->ahmed()
 7 SYSTEMPATH\CodeIgniter.php(509): CodeIgniter\CodeIgniter->runController(Object(App\Controllers\Profil))
 8 SYSTEMPATH\CodeIgniter.php(355): CodeIgniter\CodeIgniter->handleRequest(null, Object(Config\Cache), false)
 9 SYSTEMPATH\Boot.php(325): CodeIgniter\CodeIgniter->run()
10 SYSTEMPATH\Boot.php(67): CodeIgniter\Boot::runCodeIgniter(Object(CodeIgniter\CodeIgniter))
11 FCPATH\index.php(56): CodeIgniter\Boot::bootWeb(Object(Config\Paths))
12 SYSTEMPATH\rewrite.php(44): require_once('C:\\xampp\\htdocs\\pemilwa-fisip-ub\\public\\index.php')
CRITICAL - 2024-12-12 16:58:27 --> ErrorException: Undefined variable $data
[Method: GET, Route: ahmed]
in APPPATH\Views\profil\calon.php on line 2.
 1 APPPATH\Views\profil\calon.php(2): CodeIgniter\Debug\Exceptions->errorHandler(2, 'Undefined variable $data', 'C:\\xampp\\htdocs\\pemilwa-fisip-ub\\app\\Views\\profil\\calon.php', 2)
 2 SYSTEMPATH\View\View.php(234): include('C:\\xampp\\htdocs\\pemilwa-fisip-ub\\app\\Views\\profil\\calon.php')
 3 SYSTEMPATH\View\View.php(237): CodeIgniter\View\View->CodeIgniter\View\{closure}()
 4 SYSTEMPATH\Common.php(1171): CodeIgniter\View\View->render('profil/calon', [], true)
 5 APPPATH\Controllers\Profil.php(13): view('profil/calon', [...])
 6 SYSTEMPATH\CodeIgniter.php(933): App\Controllers\Profil->ahmed()
 7 SYSTEMPATH\CodeIgniter.php(509): CodeIgniter\CodeIgniter->runController(Object(App\Controllers\Profil))
 8 SYSTEMPATH\CodeIgniter.php(355): CodeIgniter\CodeIgniter->handleRequest(null, Object(Config\Cache), false)
 9 SYSTEMPATH\Boot.php(325): CodeIgniter\CodeIgniter->run()
10 SYSTEMPATH\Boot.php(67): CodeIgniter\Boot::runCodeIgniter(Object(CodeIgniter\CodeIgniter))
11 FCPATH\index.php(56): CodeIgniter\Boot::bootWeb(Object(Config\Paths))
12 SYSTEMPATH\rewrite.php(44): require_once('C:\\xampp\\htdocs\\pemilwa-fisip-ub\\public\\index.php')
CRITICAL - 2024-12-12 16:58:28 --> ErrorException: Undefined variable $data
[Method: GET, Route: ahmed]
in APPPATH\Views\profil\calon.php on line 2.
 1 APPPATH\Views\profil\calon.php(2): CodeIgniter\Debug\Exceptions->errorHandler(2, 'Undefined variable $data', 'C:\\xampp\\htdocs\\pemilwa-fisip-ub\\app\\Views\\profil\\calon.php', 2)
 2 SYSTEMPATH\View\View.php(234): include('C:\\xampp\\htdocs\\pemilwa-fisip-ub\\app\\Views\\profil\\calon.php')
 3 SYSTEMPATH\View\View.php(237): CodeIgniter\View\View->CodeIgniter\View\{closure}()
 4 SYSTEMPATH\Common.php(1171): CodeIgniter\View\View->render('profil/calon', [], true)
 5 APPPATH\Controllers\Profil.php(13): view('profil/calon', [...])
 6 SYSTEMPATH\CodeIgniter.php(933): App\Controllers\Profil->ahmed()
 7 SYSTEMPATH\CodeIgniter.php(509): CodeIgniter\CodeIgniter->runController(Object(App\Controllers\Profil))
 8 SYSTEMPATH\CodeIgniter.php(355): CodeIgniter\CodeIgniter->handleRequest(null, Object(Config\Cache), false)
 9 SYSTEMPATH\Boot.php(325): CodeIgniter\CodeIgniter->run()
10 SYSTEMPATH\Boot.php(67): CodeIgniter\Boot::runCodeIgniter(Object(CodeIgniter\CodeIgniter))
11 FCPATH\index.php(56): CodeIgniter\Boot::bootWeb(Object(Config\Paths))
12 SYSTEMPATH\rewrite.php(44): require_once('C:\\xampp\\htdocs\\pemilwa-fisip-ub\\public\\index.php')
CRITICAL - 2024-12-12 16:58:41 --> ErrorException: Undefined variable $data
[Method: GET, Route: ahmed]
in APPPATH\Views\profil\calon.php on line 2.
 1 APPPATH\Views\profil\calon.php(2): CodeIgniter\Debug\Exceptions->errorHandler(2, 'Undefined variable $data', 'C:\\xampp\\htdocs\\pemilwa-fisip-ub\\app\\Views\\profil\\calon.php', 2)
 2 SYSTEMPATH\View\View.php(234): include('C:\\xampp\\htdocs\\pemilwa-fisip-ub\\app\\Views\\profil\\calon.php')
 3 SYSTEMPATH\View\View.php(237): CodeIgniter\View\View->CodeIgniter\View\{closure}()
 4 SYSTEMPATH\Common.php(1171): CodeIgniter\View\View->render('profil/calon', [], true)
 5 APPPATH\Controllers\Profil.php(12): view('profil/calon', [...])
 6 SYSTEMPATH\CodeIgniter.php(933): App\Controllers\Profil->ahmed()
 7 SYSTEMPATH\CodeIgniter.php(509): CodeIgniter\CodeIgniter->runController(Object(App\Controllers\Profil))
 8 SYSTEMPATH\CodeIgniter.php(355): CodeIgniter\CodeIgniter->handleRequest(null, Object(Config\Cache), false)
 9 SYSTEMPATH\Boot.php(325): CodeIgniter\CodeIgniter->run()
10 SYSTEMPATH\Boot.php(67): CodeIgniter\Boot::runCodeIgniter(Object(CodeIgniter\CodeIgniter))
11 FCPATH\index.php(56): CodeIgniter\Boot::bootWeb(Object(Config\Paths))
12 SYSTEMPATH\rewrite.php(44): require_once('C:\\xampp\\htdocs\\pemilwa-fisip-ub\\public\\index.php')
CRITICAL - 2024-12-12 16:58:43 --> ErrorException: Undefined variable $data
[Method: GET, Route: ahmed]
in APPPATH\Views\profil\calon.php on line 2.
 1 APPPATH\Views\profil\calon.php(2): CodeIgniter\Debug\Exceptions->errorHandler(2, 'Undefined variable $data', 'C:\\xampp\\htdocs\\pemilwa-fisip-ub\\app\\Views\\profil\\calon.php', 2)
 2 SYSTEMPATH\View\View.php(234): include('C:\\xampp\\htdocs\\pemilwa-fisip-ub\\app\\Views\\profil\\calon.php')
 3 SYSTEMPATH\View\View.php(237): CodeIgniter\View\View->CodeIgniter\View\{closure}()
 4 SYSTEMPATH\Common.php(1171): CodeIgniter\View\View->render('profil/calon', [], true)
 5 APPPATH\Controllers\Profil.php(12): view('profil/calon', [...])
 6 SYSTEMPATH\CodeIgniter.php(933): App\Controllers\Profil->ahmed()
 7 SYSTEMPATH\CodeIgniter.php(509): CodeIgniter\CodeIgniter->runController(Object(App\Controllers\Profil))
 8 SYSTEMPATH\CodeIgniter.php(355): CodeIgniter\CodeIgniter->handleRequest(null, Object(Config\Cache), false)
 9 SYSTEMPATH\Boot.php(325): CodeIgniter\CodeIgniter->run()
10 SYSTEMPATH\Boot.php(67): CodeIgniter\Boot::runCodeIgniter(Object(CodeIgniter\CodeIgniter))
11 FCPATH\index.php(56): CodeIgniter\Boot::bootWeb(Object(Config\Paths))
12 SYSTEMPATH\rewrite.php(44): require_once('C:\\xampp\\htdocs\\pemilwa-fisip-ub\\public\\index.php')
CRITICAL - 2024-12-12 16:58:51 --> ErrorException: Undefined variable $data
[Method: GET, Route: ahmed]
in APPPATH\Views\profil\calon.php on line 2.
 1 APPPATH\Views\profil\calon.php(2): CodeIgniter\Debug\Exceptions->errorHandler(2, 'Undefined variable $data', 'C:\\xampp\\htdocs\\pemilwa-fisip-ub\\app\\Views\\profil\\calon.php', 2)
 2 SYSTEMPATH\View\View.php(234): include('C:\\xampp\\htdocs\\pemilwa-fisip-ub\\app\\Views\\profil\\calon.php')
 3 SYSTEMPATH\View\View.php(237): CodeIgniter\View\View->CodeIgniter\View\{closure}()
 4 SYSTEMPATH\Common.php(1171): CodeIgniter\View\View->render('profil/calon', [], true)
 5 APPPATH\Controllers\Profil.php(13): view('profil/calon', [...])
 6 SYSTEMPATH\CodeIgniter.php(933): App\Controllers\Profil->ahmed()
 7 SYSTEMPATH\CodeIgniter.php(509): CodeIgniter\CodeIgniter->runController(Object(App\Controllers\Profil))
 8 SYSTEMPATH\CodeIgniter.php(355): CodeIgniter\CodeIgniter->handleRequest(null, Object(Config\Cache), false)
 9 SYSTEMPATH\Boot.php(325): CodeIgniter\CodeIgniter->run()
10 SYSTEMPATH\Boot.php(67): CodeIgniter\Boot::runCodeIgniter(Object(CodeIgniter\CodeIgniter))
11 FCPATH\index.php(56): CodeIgniter\Boot::bootWeb(Object(Config\Paths))
12 SYSTEMPATH\rewrite.php(44): require_once('C:\\xampp\\htdocs\\pemilwa-fisip-ub\\public\\index.php')
CRITICAL - 2024-12-12 16:59:36 --> ErrorException: Undefined variable $data
[Method: GET, Route: ahmed]
in APPPATH\Views\profil\calon.php on line 2.
 1 APPPATH\Views\profil\calon.php(2): CodeIgniter\Debug\Exceptions->errorHandler(2, 'Undefined variable $data', 'C:\\xampp\\htdocs\\pemilwa-fisip-ub\\app\\Views\\profil\\calon.php', 2)
 2 SYSTEMPATH\View\View.php(234): include('C:\\xampp\\htdocs\\pemilwa-fisip-ub\\app\\Views\\profil\\calon.php')
 3 SYSTEMPATH\View\View.php(237): CodeIgniter\View\View->CodeIgniter\View\{closure}()
 4 SYSTEMPATH\Common.php(1171): CodeIgniter\View\View->render('profil/calon', [], true)
 5 APPPATH\Controllers\Profil.php(15): view('profil/calon', [...])
 6 SYSTEMPATH\CodeIgniter.php(933): App\Controllers\Profil->ahmed()
 7 SYSTEMPATH\CodeIgniter.php(509): CodeIgniter\CodeIgniter->runController(Object(App\Controllers\Profil))
 8 SYSTEMPATH\CodeIgniter.php(355): CodeIgniter\CodeIgniter->handleRequest(null, Object(Config\Cache), false)
 9 SYSTEMPATH\Boot.php(325): CodeIgniter\CodeIgniter->run()
10 SYSTEMPATH\Boot.php(67): CodeIgniter\Boot::runCodeIgniter(Object(CodeIgniter\CodeIgniter))
11 FCPATH\index.php(56): CodeIgniter\Boot::bootWeb(Object(Config\Paths))
12 SYSTEMPATH\rewrite.php(44): require_once('C:\\xampp\\htdocs\\pemilwa-fisip-ub\\public\\index.php')
CRITICAL - 2024-12-12 16:59:37 --> ErrorException: Undefined variable $data
[Method: GET, Route: ahmed]
in APPPATH\Views\profil\calon.php on line 2.
 1 APPPATH\Views\profil\calon.php(2): CodeIgniter\Debug\Exceptions->errorHandler(2, 'Undefined variable $data', 'C:\\xampp\\htdocs\\pemilwa-fisip-ub\\app\\Views\\profil\\calon.php', 2)
 2 SYSTEMPATH\View\View.php(234): include('C:\\xampp\\htdocs\\pemilwa-fisip-ub\\app\\Views\\profil\\calon.php')
 3 SYSTEMPATH\View\View.php(237): CodeIgniter\View\View->CodeIgniter\View\{closure}()
 4 SYSTEMPATH\Common.php(1171): CodeIgniter\View\View->render('profil/calon', [], true)
 5 APPPATH\Controllers\Profil.php(15): view('profil/calon', [...])
 6 SYSTEMPATH\CodeIgniter.php(933): App\Controllers\Profil->ahmed()
 7 SYSTEMPATH\CodeIgniter.php(509): CodeIgniter\CodeIgniter->runController(Object(App\Controllers\Profil))
 8 SYSTEMPATH\CodeIgniter.php(355): CodeIgniter\CodeIgniter->handleRequest(null, Object(Config\Cache), false)
 9 SYSTEMPATH\Boot.php(325): CodeIgniter\CodeIgniter->run()
10 SYSTEMPATH\Boot.php(67): CodeIgniter\Boot::runCodeIgniter(Object(CodeIgniter\CodeIgniter))
11 FCPATH\index.php(56): CodeIgniter\Boot::bootWeb(Object(Config\Paths))
12 SYSTEMPATH\rewrite.php(44): require_once('C:\\xampp\\htdocs\\pemilwa-fisip-ub\\public\\index.php')
CRITICAL - 2024-12-12 17:00:01 --> ErrorException: Undefined variable $data
[Method: GET, Route: ahmed]
in APPPATH\Views\profil\calon.php on line 2.
 1 APPPATH\Views\profil\calon.php(2): CodeIgniter\Debug\Exceptions->errorHandler(2, 'Undefined variable $data', 'C:\\xampp\\htdocs\\pemilwa-fisip-ub\\app\\Views\\profil\\calon.php', 2)
 2 SYSTEMPATH\View\View.php(234): include('C:\\xampp\\htdocs\\pemilwa-fisip-ub\\app\\Views\\profil\\calon.php')
 3 SYSTEMPATH\View\View.php(237): CodeIgniter\View\View->CodeIgniter\View\{closure}()
 4 SYSTEMPATH\Common.php(1171): CodeIgniter\View\View->render('profil/calon', [], true)
 5 APPPATH\Controllers\Profil.php(15): view('profil/calon', [...])
 6 SYSTEMPATH\CodeIgniter.php(933): App\Controllers\Profil->ahmed()
 7 SYSTEMPATH\CodeIgniter.php(509): CodeIgniter\CodeIgniter->runController(Object(App\Controllers\Profil))
 8 SYSTEMPATH\CodeIgniter.php(355): CodeIgniter\CodeIgniter->handleRequest(null, Object(Config\Cache), false)
 9 SYSTEMPATH\Boot.php(325): CodeIgniter\CodeIgniter->run()
10 SYSTEMPATH\Boot.php(67): CodeIgniter\Boot::runCodeIgniter(Object(CodeIgniter\CodeIgniter))
11 FCPATH\index.php(56): CodeIgniter\Boot::bootWeb(Object(Config\Paths))
12 SYSTEMPATH\rewrite.php(44): require_once('C:\\xampp\\htdocs\\pemilwa-fisip-ub\\public\\index.php')
